<?xml version="1.0" encoding="UTF-8"?>
<!-- Generated by org.testng.reporters.JUnitReportReporter -->
<testsuite hostname="LAPTOP-CPK9UGQT" failures="0" tests="4" name="api.test.userTests" time="11.270" errors="0" timestamp="2024-05-14T21:19:08 IST" skipped="0">
  <testcase classname="api.test.userTests" name="testPostUser" time="3.923"/>
  <testcase classname="api.test.userTests" name="getUserByName" time="1.854"/>
  <testcase classname="api.test.userTests" name="testUpdateUserByName" time="3.864"/>
  <testcase classname="api.test.userTests" name="deleteUser" time="1.629"/>
</testsuite> <!-- api.test.userTests -->
