<?xml version="1.0" encoding="UTF-8"?>
<!-- Generated by org.testng.reporters.JUnitReportReporter -->
<testsuite hostname="LAPTOP-CPK9UGQT" failures="0" tests="6" name="api.test.DDTests" time="11.582" errors="0" timestamp="2024-05-16T22:02:51 IST" skipped="0">
  <testcase classname="api.test.DDTests" name="testPostUser" time="4.436"/>
  <testcase classname="api.test.DDTests" name="testPostUser" time="1.369"/>
  <testcase classname="api.test.DDTests" name="testPostUser" time="1.616"/>
  <testcase classname="api.test.DDTests" name="testDeleteUserbyName" time="1.279"/>
  <testcase classname="api.test.DDTests" name="testDeleteUserbyName" time="1.517"/>
  <testcase classname="api.test.DDTests" name="testDeleteUserbyName" time="1.365"/>
</testsuite> <!-- api.test.DDTests -->
