<?xml version="1.0" encoding="UTF-8"?>
<!-- Generated by org.testng.reporters.JUnitReportReporter -->
<testsuite hostname="LAPTOP-CPK9UGQT" failures="0" tests="6" name="api.test.DDTests" time="9.315" errors="0" timestamp="2024-05-17T12:46:05 IST" skipped="0">
  <testcase classname="api.test.DDTests" name="testPostUser" time="1.283"/>
  <testcase classname="api.test.DDTests" name="testPostUser" time="1.258"/>
  <testcase classname="api.test.DDTests" name="testPostUser" time="3.068"/>
  <testcase classname="api.test.DDTests" name="testDeleteUserbyName" time="1.194"/>
  <testcase classname="api.test.DDTests" name="testDeleteUserbyName" time="1.215"/>
  <testcase classname="api.test.DDTests" name="testDeleteUserbyName" time="1.297"/>
</testsuite> <!-- api.test.DDTests -->
